<?xml version="1.0" encoding="utf-8"?><testsuites name="pytest tests"><testsuite name="pytest" errors="0" failures="1" skipped="0" tests="7" time="5.367" timestamp="2026-02-25T17:02:43.623327+00:00" hostname="agent-env-5c5fe3b8-c41f-4e57-83b6-277995cc94d6"><testcase classname="backend.tests.test_admin_features.TestAdminFeatures" name="test_admin_check_returns_is_admin_true" time="0.761" /><testcase classname="backend.tests.test_admin_features.TestAdminFeatures" name="test_admin_stats_returns_statistics" time="0.734" /><testcase classname="backend.tests.test_admin_features.TestAdminFeatures" name="test_admin_users_returns_user_list" time="0.591"><failure message="AssertionError: User password should not be exposed&#10;assert 'password' not in {'created_at': '2026-02-25T16:39:02.465397+00:00', 'email': 'uno@gmail.com', 'has_questionnaire': True, 'id': '095da1d7-89cd-4979-a163-0840d73c7b47', ...}">backend/tests/test_admin_features.py:118: in test_admin_users_returns_user_list
    assert "password" not in user, "User password should not be exposed"
E   AssertionError: User password should not be exposed
E   assert 'password' not in {'created_at': '2026-02-25T16:39:02.465397+00:00', 'email': 'uno@gmail.com', 'has_questionnaire': True, 'id': '095da1d7-89cd-4979-a163-0840d73c7b47', ...}</failure></testcase><testcase classname="backend.tests.test_admin_features.TestAdminFeatures" name="test_admin_users_search" time="0.599" /><testcase classname="backend.tests.test_admin_features.TestAdminFeatures" name="test_admin_payments_returns_payment_list" time="0.570" /><testcase classname="backend.tests.test_admin_features.TestAdminFeatures" name="test_non_admin_user_denied_access" time="1.728" /><testcase classname="backend.tests.test_admin_features.TestFooter" name="test_landing_page_loads" time="0.224" /></testsuite></testsuites>