<?xml version="1.0" encoding="utf-8"?><testsuites name="pytest tests"><testsuite name="pytest" errors="0" failures="0" skipped="0" tests="10" time="14.074" timestamp="2026-02-25T16:18:37.431639+00:00" hostname="agent-env-5c5fe3b8-c41f-4e57-83b6-277995cc94d6"><testcase classname="backend.tests.test_progress_features.TestProgressFeatures" name="test_01_questionnaire_injuries_section" time="1.233" /><testcase classname="backend.tests.test_progress_features.TestProgressFeatures" name="test_02_progress_stats_initial_weight" time="1.628" /><testcase classname="backend.tests.test_progress_features.TestProgressFeatures" name="test_03_add_weight_record_updates_current_weight" time="1.610" /><testcase classname="backend.tests.test_progress_features.TestProgressFeatures" name="test_04_multiple_weight_records_uses_latest" time="1.473" /><testcase classname="backend.tests.test_progress_features.TestProgressFeatures" name="test_05_healthy_weight_range_calculation" time="1.243" /><testcase classname="backend.tests.test_progress_features.TestProgressFeatures" name="test_06_progress_percent_calculation" time="1.426" /><testcase classname="backend.tests.test_progress_features.TestQuestionnaireInjuriesValidation" name="test_01_all_injury_options_save_correctly" time="1.030" /><testcase classname="backend.tests.test_progress_features.TestWeightRecordCRUD" name="test_01_add_weight_record" time="1.297" /><testcase classname="backend.tests.test_progress_features.TestWeightRecordCRUD" name="test_02_get_weight_records" time="1.505" /><testcase classname="backend.tests.test_progress_features.TestWeightRecordCRUD" name="test_03_delete_weight_record" time="1.296" /></testsuite></testsuites>