<?xml version="1.0" encoding="utf-8"?><testsuites name="pytest tests"><testsuite name="pytest" errors="0" failures="0" skipped="0" tests="15" time="23.947" timestamp="2026-02-25T15:30:40.656588+00:00" hostname="agent-env-5c5fe3b8-c41f-4e57-83b6-277995cc94d6"><testcase classname="backend.tests.test_hydration_features.TestHydrationGoalEndpoint" name="test_hydration_goal_without_questionnaire" time="1.252" /><testcase classname="backend.tests.test_hydration_features.TestHydrationGoalEndpoint" name="test_hydration_goal_with_questionnaire" time="0.737" /><testcase classname="backend.tests.test_hydration_features.TestHydrationGoalEndpoint" name="test_hydration_goal_unauthorized" time="0.074" /><testcase classname="backend.tests.test_hydration_features.TestHydrationLogEndpoint" name="test_log_hydration_success" time="0.181" /><testcase classname="backend.tests.test_hydration_features.TestHydrationLogEndpoint" name="test_log_hydration_update_existing" time="0.161" /><testcase classname="backend.tests.test_hydration_features.TestHydrationLogEndpoint" name="test_log_hydration_unauthorized" time="0.084" /><testcase classname="backend.tests.test_hydration_features.TestHydrationTodayEndpoint" name="test_get_today_hydration" time="0.236" /><testcase classname="backend.tests.test_hydration_features.TestHydrationTodayEndpoint" name="test_get_today_hydration_no_record" time="0.747" /><testcase classname="backend.tests.test_hydration_features.TestHydrationTodayEndpoint" name="test_get_today_hydration_unauthorized" time="0.064" /><testcase classname="backend.tests.test_hydration_features.TestHydrationHistoryEndpoint" name="test_get_hydration_history" time="0.193" /><testcase classname="backend.tests.test_hydration_features.TestHydrationHistoryEndpoint" name="test_get_hydration_history_with_days_param" time="0.090" /><testcase classname="backend.tests.test_hydration_features.TestMealPlanStructure" name="test_trial_plan_structure" time="18.716" /><testcase classname="backend.tests.test_hydration_features.TestMealPlanStructure" name="test_get_existing_plans" time="0.078" /><testcase classname="backend.tests.test_hydration_features.TestExerciseGuideStructure" name="test_exercise_guide_fields" time="0.114" /><testcase classname="backend.tests.test_hydration_features.TestAPIHealth" name="test_api_root" time="0.270" /></testsuite></testsuites>