<?xml version="1.0" encoding="utf-8"?><testsuites name="pytest tests"><testsuite name="pytest" errors="0" failures="0" skipped="0" tests="8" time="2.010" timestamp="2026-02-25T15:49:20.415591+00:00" hostname="agent-env-5c5fe3b8-c41f-4e57-83b6-277995cc94d6"><testcase classname="backend.tests.test_dashboard_bmi_features.TestDashboardBMIFeatures" name="test_register_user" time="0.641" /><testcase classname="backend.tests.test_dashboard_bmi_features.TestDashboardBMIFeatures" name="test_create_questionnaire_for_bmi_test" time="0.338" /><testcase classname="backend.tests.test_dashboard_bmi_features.TestDashboardBMIFeatures" name="test_bmi_calculation_formula" time="0.001" /><testcase classname="backend.tests.test_dashboard_bmi_features.TestDashboardBMIFeatures" name="test_bmi_category_classification" time="0.001" /><testcase classname="backend.tests.test_dashboard_bmi_features.TestDashboardBMIFeatures" name="test_estimated_time_calculation_weight_loss" time="0.001" /><testcase classname="backend.tests.test_dashboard_bmi_features.TestDashboardBMIFeatures" name="test_estimated_time_calculation_muscle_gain" time="0.001" /><testcase classname="backend.tests.test_dashboard_bmi_features.TestDashboardBMIFeatures" name="test_questionnaire_endpoint_returns_data" time="0.192" /><testcase classname="backend.tests.test_dashboard_bmi_features.TestProgressStats" name="test_progress_stats_endpoint" time="0.699" /></testsuite></testsuites>