<?xml version="1.0" encoding="utf-8"?><testsuites name="pytest tests"><testsuite name="pytest" errors="0" failures="0" skipped="0" tests="8" time="16.823" timestamp="2026-02-25T08:10:38.148315+00:00" hostname="agent-env-5c5fe3b8-c41f-4e57-83b6-277995cc94d6"><testcase classname="backend.tests.test_whatsapp_pdf_features.TestWhatsAppAndPDFFeatures" name="test_questionnaire_with_whatsapp_field" time="1.877" /><testcase classname="backend.tests.test_whatsapp_pdf_features.TestWhatsAppAndPDFFeatures" name="test_questionnaire_persists_whatsapp" time="0.504" /><testcase classname="backend.tests.test_whatsapp_pdf_features.TestWhatsAppAndPDFFeatures" name="test_trial_plan_generation" time="12.144" /><testcase classname="backend.tests.test_whatsapp_pdf_features.TestWhatsAppAndPDFFeatures" name="test_pdf_export_endpoint" time="0.372" /><testcase classname="backend.tests.test_whatsapp_pdf_features.TestWhatsAppAndPDFFeatures" name="test_pdf_endpoint_unauthorized" time="0.146" /><testcase classname="backend.tests.test_whatsapp_pdf_features.TestWhatsAppAndPDFFeatures" name="test_pdf_endpoint_not_found" time="0.131" /><testcase classname="backend.tests.test_whatsapp_pdf_features.TestQuestionnaireDataModel" name="test_questionnaire_whatsapp_optional" time="0.712" /><testcase classname="backend.tests.test_whatsapp_pdf_features.TestQuestionnaireDataModel" name="test_questionnaire_whatsapp_empty_string" time="0.654" /></testsuite></testsuites>