<?xml version="1.0" encoding="utf-8"?><testsuites name="pytest tests"><testsuite name="pytest" errors="0" failures="1" skipped="0" tests="10" time="8.642" timestamp="2026-02-25T16:18:11.604918+00:00" hostname="agent-env-5c5fe3b8-c41f-4e57-83b6-277995cc94d6"><testcase classname="backend.tests.test_progress_features.TestProgressFeatures" name="test_01_questionnaire_injuries_section" time="0.863" /><testcase classname="backend.tests.test_progress_features.TestProgressFeatures" name="test_02_progress_stats_initial_weight" time="0.794" /><testcase classname="backend.tests.test_progress_features.TestProgressFeatures" name="test_03_add_weight_record_updates_current_weight" time="0.965"><failure message="assert 0.0 == -2.0">backend/tests/test_progress_features.py:144: in test_03_add_weight_record_updates_current_weight
    assert stats["weight_change"] == -2.0  # 83 - 85 = -2
    ^^^^^^^^^^^^^^^^^^^^^^^^^^^^^^^^^^^^^
E   assert 0.0 == -2.0</failure></testcase><testcase classname="backend.tests.test_progress_features.TestProgressFeatures" name="test_04_multiple_weight_records_uses_latest" time="0.912" /><testcase classname="backend.tests.test_progress_features.TestProgressFeatures" name="test_05_healthy_weight_range_calculation" time="0.748" /><testcase classname="backend.tests.test_progress_features.TestProgressFeatures" name="test_06_progress_percent_calculation" time="0.802" /><testcase classname="backend.tests.test_progress_features.TestQuestionnaireInjuriesValidation" name="test_01_all_injury_options_save_correctly" time="0.842" /><testcase classname="backend.tests.test_progress_features.TestWeightRecordCRUD" name="test_01_add_weight_record" time="0.608" /><testcase classname="backend.tests.test_progress_features.TestWeightRecordCRUD" name="test_02_get_weight_records" time="0.826" /><testcase classname="backend.tests.test_progress_features.TestWeightRecordCRUD" name="test_03_delete_weight_record" time="1.034" /></testsuite></testsuites>