<?xml version="1.0" encoding="utf-8"?><testsuites name="pytest tests"><testsuite name="pytest" errors="0" failures="0" skipped="1" tests="10" time="6.330" timestamp="2026-02-25T18:16:43.604779+00:00" hostname="agent-env-5c5fe3b8-c41f-4e57-83b6-277995cc94d6"><testcase classname="backend.tests.test_goal_and_plan_features.TestGoalAPI" name="test_get_goal_returns_calculated_without_custom" time="1.226" /><testcase classname="backend.tests.test_goal_and_plan_features.TestGoalAPI" name="test_put_goal_updates_custom_goal" time="0.169" /><testcase classname="backend.tests.test_goal_and_plan_features.TestGoalAPI" name="test_get_goal_shows_custom_after_update" time="0.546" /><testcase classname="backend.tests.test_goal_and_plan_features.TestGoalAPI" name="test_put_goal_with_aumentar_type" time="0.257" /><testcase classname="backend.tests.test_goal_and_plan_features.TestGoalAPI" name="test_put_goal_with_mantener_type" time="0.210" /><testcase classname="backend.tests.test_goal_and_plan_features.TestMealPlanWithOptions" name="test_get_meal_plans_returns_data" time="0.781" /><testcase classname="backend.tests.test_goal_and_plan_features.TestMealPlanWithOptions" name="test_meal_plan_has_different_meals_per_day" time="0.201"><skipped type="pytest.skip" message="Plan has less than 2 days">/app/backend/tests/test_goal_and_plan_features.py:210: Plan has less than 2 days</skipped></testcase><testcase classname="backend.tests.test_goal_and_plan_features.TestMealPlanWithOptions" name="test_meal_has_options_with_tiempo_prep" time="0.162" /><testcase classname="backend.tests.test_goal_and_plan_features.TestProgressIntegration" name="test_progress_stats_returns_data" time="0.219" /><testcase classname="backend.tests.test_goal_and_plan_features.TestProgressIntegration" name="test_weight_records_crud" time="0.961" /></testsuite></testsuites>